Performing C SOURCE FILE Test CMAKE_HAVE_LIBC_PTHREAD failed with the following output:
Change Dir: /home/gtoscano/django/api4opt4-working/optimization/eps_cnstr/cmake-build-debug/CMakeFiles/CMakeScratch/TryCompile-5r0dDE

Run Build Command(s):/snap/clion/237/bin/ninja/linux/x64/ninja cmTC_0e449 && [1/2] Building C object CMakeFiles/cmTC_0e449.dir/src.c.o
[2/2] Linking C executable cmTC_0e449
FAILED: cmTC_0e449 
: && /usr/bin/cc  -L/usr/local/opt/texinfo/lib CMakeFiles/cmTC_0e449.dir/src.c.o -o cmTC_0e449   && :
/usr/bin/ld: CMakeFiles/cmTC_0e449.dir/src.c.o: in function `main':
src.c:(.text+0x2f): undefined reference to `pthread_create'
/usr/bin/ld: src.c:(.text+0x3b): undefined reference to `pthread_detach'
/usr/bin/ld: src.c:(.text+0x47): undefined reference to `pthread_cancel'
/usr/bin/ld: src.c:(.text+0x58): undefined reference to `pthread_join'
collect2: error: ld returned 1 exit status
ninja: build stopped: subcommand failed.


Source file was:
#include <pthread.h>

static void* test_func(void* data)
{
  return data;
}

int main(void)
{
  pthread_t thread;
  pthread_create(&thread, NULL, test_func, NULL);
  pthread_detach(thread);
  pthread_cancel(thread);
  pthread_join(thread, NULL);
  pthread_atfork(NULL, NULL, NULL);
  pthread_exit(NULL);

  return 0;
}


